  [1m[35m (0.1ms)[0m  [1m[34mSELECT sqlite_version(*)[0m
  ↳ /home/melanie/.rvm/gems/ruby-2.5.1/bin/rake:23
  [1m[35m (10.9ms)[0m  [1m[35mCREATE TABLE "schema_migrations" ("version" varchar NOT NULL PRIMARY KEY)[0m
  ↳ /home/melanie/.rvm/gems/ruby-2.5.1/bin/rake:23
  [1m[35m (11.1ms)[0m  [1m[35mCREATE TABLE "ar_internal_metadata" ("key" varchar NOT NULL PRIMARY KEY, "value" varchar, "created_at" datetime NOT NULL, "updated_at" datetime NOT NULL)[0m
  ↳ /home/melanie/.rvm/gems/ruby-2.5.1/bin/rake:23
  [1m[35m (0.2ms)[0m  [1m[34mSELECT "schema_migrations"."version" FROM "schema_migrations" ORDER BY "schema_migrations"."version" ASC[0m
  ↳ /home/melanie/.rvm/gems/ruby-2.5.1/bin/rake:23
  [1m[35m (0.1ms)[0m  [1m[34mSELECT "schema_migrations"."version" FROM "schema_migrations" ORDER BY "schema_migrations"."version" ASC[0m
  ↳ /home/melanie/.rvm/gems/ruby-2.5.1/bin/rake:23
  [1m[35m (0.1ms)[0m  [1m[34mSELECT "schema_migrations"."version" FROM "schema_migrations" ORDER BY "schema_migrations"."version" ASC[0m
  ↳ /home/melanie/.rvm/gems/ruby-2.5.1/bin/rake:23
  [1m[35m (0.1ms)[0m  [1m[34mSELECT "schema_migrations"."version" FROM "schema_migrations" ORDER BY "schema_migrations"."version" ASC[0m
  ↳ /home/melanie/.rvm/gems/ruby-2.5.1/bin/rake:23
  [1m[36mCourse Load (1.5ms)[0m  [1m[34mSELECT  "courses".* FROM "courses" LIMIT ?[0m  [["LIMIT", 11]]
  [1m[35m (0.1ms)[0m  [1m[34mSELECT "schema_migrations"."version" FROM "schema_migrations" ORDER BY "schema_migrations"."version" ASC[0m
  ↳ bin/rails:9
  [1m[35m (0.1ms)[0m  [1m[34mSELECT "schema_migrations"."version" FROM "schema_migrations" ORDER BY "schema_migrations"."version" ASC[0m
  ↳ bin/rails:9
Migrating to CreateCourses (20190130181923)
  [1m[35m (0.0ms)[0m  [1m[36mbegin transaction[0m
  ↳ bin/rails:9
  [1m[35m (0.1ms)[0m  [1m[34mSELECT sqlite_version(*)[0m
  ↳ db/migrate/20190130181923_create_courses.rb:3
  [1m[35m (0.3ms)[0m  [1m[35mCREATE TABLE "courses" ("id" integer PRIMARY KEY AUTOINCREMENT NOT NULL, "title" varchar, "content" text, "created_at" datetime NOT NULL, "updated_at" datetime NOT NULL)[0m
  ↳ db/migrate/20190130181923_create_courses.rb:3
  [1m[36mActiveRecord::SchemaMigration Create (0.1ms)[0m  [1m[32mINSERT INTO "schema_migrations" ("version") VALUES (?)[0m  [["version", "20190130181923"]]
  ↳ bin/rails:9
  [1m[35m (10.8ms)[0m  [1m[36mcommit transaction[0m
  ↳ bin/rails:9
  [1m[36mActiveRecord::InternalMetadata Load (0.2ms)[0m  [1m[34mSELECT  "ar_internal_metadata".* FROM "ar_internal_metadata" WHERE "ar_internal_metadata"."key" = ? LIMIT ?[0m  [["key", "environment"], ["LIMIT", 1]]
  ↳ bin/rails:9
  [1m[35m (0.1ms)[0m  [1m[36mbegin transaction[0m
  ↳ bin/rails:9
  [1m[36mActiveRecord::InternalMetadata Create (0.2ms)[0m  [1m[32mINSERT INTO "ar_internal_metadata" ("key", "value", "created_at", "updated_at") VALUES (?, ?, ?, ?)[0m  [["key", "environment"], ["value", "development"], ["created_at", "2019-01-30 18:20:51.450696"], ["updated_at", "2019-01-30 18:20:51.450696"]]
  ↳ bin/rails:9
  [1m[35m (8.4ms)[0m  [1m[36mcommit transaction[0m
  ↳ bin/rails:9
  [1m[35m (0.1ms)[0m  [1m[34mSELECT "schema_migrations"."version" FROM "schema_migrations" ORDER BY "schema_migrations"."version" ASC[0m
  ↳ bin/rails:9
  [1m[35m (0.1ms)[0m  [1m[34mSELECT "schema_migrations"."version" FROM "schema_migrations" ORDER BY "schema_migrations"."version" ASC[0m
  ↳ bin/rails:9
  [1m[35m (0.1ms)[0m  [1m[34mSELECT "schema_migrations"."version" FROM "schema_migrations" ORDER BY "schema_migrations"."version" ASC[0m
  ↳ bin/rails:9
  [1m[35m (0.0ms)[0m  [1m[36mbegin transaction[0m
  ↳ db/seeds.rb:11
  [1m[36mCourse Create (0.2ms)[0m  [1m[32mINSERT INTO "courses" ("title", "content", "created_at", "updated_at") VALUES (?, ?, ?, ?)[0m  [["title", "Master of Health Science"], ["content", "∆9THC"], ["created_at", "2019-01-30 18:31:10.152044"], ["updated_at", "2019-01-30 18:31:10.152044"]]
  ↳ db/seeds.rb:11
  [1m[35m (13.0ms)[0m  [1m[36mcommit transaction[0m
  ↳ db/seeds.rb:11
  [1m[35m (0.1ms)[0m  [1m[36mbegin transaction[0m
  ↳ db/seeds.rb:11
  [1m[36mCourse Create (0.4ms)[0m  [1m[32mINSERT INTO "courses" ("title", "content", "created_at", "updated_at") VALUES (?, ?, ?, ?)[0m  [["title", "Associate Degree in Psychology"], ["content", "CBD"], ["created_at", "2019-01-30 18:31:10.168036"], ["updated_at", "2019-01-30 18:31:10.168036"]]
  ↳ db/seeds.rb:11
  [1m[35m (5.3ms)[0m  [1m[36mcommit transaction[0m
  ↳ db/seeds.rb:11
  [1m[35m (0.1ms)[0m  [1m[36mbegin transaction[0m
  ↳ db/seeds.rb:11
  [1m[36mCourse Create (0.3ms)[0m  [1m[32mINSERT INTO "courses" ("title", "content", "created_at", "updated_at") VALUES (?, ?, ?, ?)[0m  [["title", "Master of Communications"], ["content", "CBD"], ["created_at", "2019-01-30 18:31:10.176568"], ["updated_at", "2019-01-30 18:31:10.176568"]]
  ↳ db/seeds.rb:11
  [1m[35m (4.1ms)[0m  [1m[36mcommit transaction[0m
  ↳ db/seeds.rb:11
  [1m[35m (0.1ms)[0m  [1m[36mbegin transaction[0m
  ↳ db/seeds.rb:11
  [1m[36mCourse Create (0.3ms)[0m  [1m[32mINSERT INTO "courses" ("title", "content", "created_at", "updated_at") VALUES (?, ?, ?, ?)[0m  [["title", "Master of Arts"], ["content", "THCa"], ["created_at", "2019-01-30 18:31:10.182713"], ["updated_at", "2019-01-30 18:31:10.182713"]]
  ↳ db/seeds.rb:11
  [1m[35m (7.4ms)[0m  [1m[36mcommit transaction[0m
  ↳ db/seeds.rb:11
  [1m[35m (0.1ms)[0m  [1m[36mbegin transaction[0m
  ↳ db/seeds.rb:11
  [1m[36mCourse Create (0.5ms)[0m  [1m[32mINSERT INTO "courses" ("title", "content", "created_at", "updated_at") VALUES (?, ?, ?, ?)[0m  [["title", "Bachelor of Applied Science (Psychology)"], ["content", "THCv"], ["created_at", "2019-01-30 18:31:10.193247"], ["updated_at", "2019-01-30 18:31:10.193247"]]
  ↳ db/seeds.rb:11
  [1m[35m (8.8ms)[0m  [1m[36mcommit transaction[0m
  ↳ db/seeds.rb:11
  [1m[35m (0.1ms)[0m  [1m[36mbegin transaction[0m
  ↳ db/seeds.rb:11
  [1m[36mCourse Create (0.5ms)[0m  [1m[32mINSERT INTO "courses" ("title", "content", "created_at", "updated_at") VALUES (?, ?, ?, ?)[0m  [["title", "Bachelor of Medicine"], ["content", "CBN"], ["created_at", "2019-01-30 18:31:10.206800"], ["updated_at", "2019-01-30 18:31:10.206800"]]
  ↳ db/seeds.rb:11
  [1m[35m (8.2ms)[0m  [1m[36mcommit transaction[0m
  ↳ db/seeds.rb:11
  [1m[35m (0.2ms)[0m  [1m[36mbegin transaction[0m
  ↳ db/seeds.rb:11
  [1m[36mCourse Create (0.6ms)[0m  [1m[32mINSERT INTO "courses" ("title", "content", "created_at", "updated_at") VALUES (?, ?, ?, ?)[0m  [["title", "Associate Degree in Law"], ["content", "CBCa"], ["created_at", "2019-01-30 18:31:10.219224"], ["updated_at", "2019-01-30 18:31:10.219224"]]
  ↳ db/seeds.rb:11
  [1m[35m (4.7ms)[0m  [1m[36mcommit transaction[0m
  ↳ db/seeds.rb:11
  [1m[35m (0.2ms)[0m  [1m[36mbegin transaction[0m
  ↳ db/seeds.rb:11
  [1m[36mCourse Create (0.4ms)[0m  [1m[32mINSERT INTO "courses" ("title", "content", "created_at", "updated_at") VALUES (?, ?, ?, ?)[0m  [["title", "Master of Medicine"], ["content", "CBN"], ["created_at", "2019-01-30 18:31:10.228305"], ["updated_at", "2019-01-30 18:31:10.228305"]]
  ↳ db/seeds.rb:11
  [1m[35m (4.6ms)[0m  [1m[36mcommit transaction[0m
  ↳ db/seeds.rb:11
  [1m[35m (0.1ms)[0m  [1m[36mbegin transaction[0m
  ↳ db/seeds.rb:11
  [1m[36mCourse Create (0.3ms)[0m  [1m[32mINSERT INTO "courses" ("title", "content", "created_at", "updated_at") VALUES (?, ?, ?, ?)[0m  [["title", "Associate Degree in Medicine"], ["content", "CBC"], ["created_at", "2019-01-30 18:31:10.236621"], ["updated_at", "2019-01-30 18:31:10.236621"]]
  ↳ db/seeds.rb:11
  [1m[35m (8.6ms)[0m  [1m[36mcommit transaction[0m
  ↳ db/seeds.rb:11
  [1m[35m (0.2ms)[0m  [1m[36mbegin transaction[0m
  ↳ db/seeds.rb:11
  [1m[36mCourse Create (0.7ms)[0m  [1m[32mINSERT INTO "courses" ("title", "content", "created_at", "updated_at") VALUES (?, ?, ?, ?)[0m  [["title", "Bachelor of Communications"], ["content", "CBLa"], ["created_at", "2019-01-30 18:31:10.250568"], ["updated_at", "2019-01-30 18:31:10.250568"]]
  ↳ db/seeds.rb:11
  [1m[35m (9.9ms)[0m  [1m[36mcommit transaction[0m
  ↳ db/seeds.rb:11
  [1m[36mCourse Load (0.4ms)[0m  [1m[34mSELECT  "courses".* FROM "courses" LIMIT ?[0m  [["LIMIT", 11]]
  [1m[36mCourse Load (0.5ms)[0m  [1m[34mSELECT  "courses".* FROM "courses" LIMIT ?[0m  [["LIMIT", 11]]
  [1m[35m (0.1ms)[0m  [1m[34mSELECT "schema_migrations"."version" FROM "schema_migrations" ORDER BY "schema_migrations"."version" ASC[0m
  ↳ bin/rails:9
  [1m[35m (0.1ms)[0m  [1m[34mSELECT "schema_migrations"."version" FROM "schema_migrations" ORDER BY "schema_migrations"."version" ASC[0m
  ↳ bin/rails:9
Migrating to CreateLessons (20190130183601)
  [1m[35m (0.0ms)[0m  [1m[36mbegin transaction[0m
  ↳ bin/rails:9
  [1m[35m (0.1ms)[0m  [1m[34mSELECT sqlite_version(*)[0m
  ↳ db/migrate/20190130183601_create_lessons.rb:3
  [1m[35m (0.2ms)[0m  [1m[35mCREATE TABLE "lessons" ("id" integer PRIMARY KEY AUTOINCREMENT NOT NULL, "title" varchar, "content" text, "created_at" datetime NOT NULL, "updated_at" datetime NOT NULL)[0m
  ↳ db/migrate/20190130183601_create_lessons.rb:3
  [1m[36mActiveRecord::SchemaMigration Create (0.1ms)[0m  [1m[32mINSERT INTO "schema_migrations" ("version") VALUES (?)[0m  [["version", "20190130183601"]]
  ↳ bin/rails:9
  [1m[35m (5.5ms)[0m  [1m[36mcommit transaction[0m
  ↳ bin/rails:9
Migrating to AddIndexToLessons (20190130183626)
  [1m[35m (0.0ms)[0m  [1m[36mbegin transaction[0m
  ↳ bin/rails:9
  [1m[35m (0.3ms)[0m  [1m[35mALTER TABLE "lessons" ADD "course_id" integer[0m
  ↳ db/migrate/20190130183626_add_index_to_lessons.rb:3
  [1m[35m (0.1ms)[0m  [1m[35mCREATE  INDEX "index_lessons_on_course_id" ON "lessons" ("course_id")[0m
  ↳ db/migrate/20190130183626_add_index_to_lessons.rb:3
  [1m[36mActiveRecord::SchemaMigration Create (0.1ms)[0m  [1m[32mINSERT INTO "schema_migrations" ("version") VALUES (?)[0m  [["version", "20190130183626"]]
  ↳ bin/rails:9
  [1m[35m (11.0ms)[0m  [1m[36mcommit transaction[0m
  ↳ bin/rails:9
  [1m[36mActiveRecord::InternalMetadata Load (0.1ms)[0m  [1m[34mSELECT  "ar_internal_metadata".* FROM "ar_internal_metadata" WHERE "ar_internal_metadata"."key" = ? LIMIT ?[0m  [["key", "environment"], ["LIMIT", 1]]
  ↳ bin/rails:9
  [1m[35m (0.1ms)[0m  [1m[36mbegin transaction[0m
  ↳ bin/rails:9
  [1m[35m (0.1ms)[0m  [1m[36mcommit transaction[0m
  ↳ bin/rails:9
  [1m[35m (0.1ms)[0m  [1m[34mSELECT "schema_migrations"."version" FROM "schema_migrations" ORDER BY "schema_migrations"."version" ASC[0m
  ↳ bin/rails:9
  [1m[36mCourse Load (0.1ms)[0m  [1m[34mSELECT  "courses".* FROM "courses" ORDER BY "courses"."id" ASC LIMIT ?[0m  [["LIMIT", 1]]
  [1m[35m (0.2ms)[0m  [1m[36mbegin transaction[0m
  [1m[35m (0.2ms)[0m  [1m[36mcommit transaction[0m
  [1m[36mLesson Load (0.6ms)[0m  [1m[34mSELECT  "lessons".* FROM "lessons" LIMIT ?[0m  [["LIMIT", 11]]
  [1m[35m (0.1ms)[0m  [1m[34mSELECT "schema_migrations"."version" FROM "schema_migrations" ORDER BY "schema_migrations"."version" ASC[0m
  ↳ bin/rails:9
  [1m[35m (0.0ms)[0m  [1m[36mbegin transaction[0m
  ↳ db/seeds.rb:11
  [1m[36mCourse Create (0.7ms)[0m  [1m[32mINSERT INTO "courses" ("title", "content", "created_at", "updated_at") VALUES (?, ?, ?, ?)[0m  [["title", "Bachelor of Engineering"], ["content", "∆8THC"], ["created_at", "2019-01-30 18:48:20.321763"], ["updated_at", "2019-01-30 18:48:20.321763"]]
  ↳ db/seeds.rb:11
  [1m[35m (5.0ms)[0m  [1m[36mcommit transaction[0m
  ↳ db/seeds.rb:11
  [1m[35m (0.1ms)[0m  [1m[36mbegin transaction[0m
  ↳ db/seeds.rb:11
  [1m[36mCourse Create (0.6ms)[0m  [1m[32mINSERT INTO "courses" ("title", "content", "created_at", "updated_at") VALUES (?, ?, ?, ?)[0m  [["title", "Master of Biological Science"], ["content", "CBD"], ["created_at", "2019-01-30 18:48:20.330327"], ["updated_at", "2019-01-30 18:48:20.330327"]]
  ↳ db/seeds.rb:11
  [1m[35m (8.5ms)[0m  [1m[36mcommit transaction[0m
  ↳ db/seeds.rb:11
  [1m[35m (0.1ms)[0m  [1m[36mbegin transaction[0m
  ↳ db/seeds.rb:11
  [1m[36mCourse Create (0.2ms)[0m  [1m[32mINSERT INTO "courses" ("title", "content", "created_at", "updated_at") VALUES (?, ?, ?, ?)[0m  [["title", "Bachelor of Psychology"], ["content", "THCv"], ["created_at", "2019-01-30 18:48:20.342243"], ["updated_at", "2019-01-30 18:48:20.342243"]]
  ↳ db/seeds.rb:11
  [1m[35m (8.1ms)[0m  [1m[36mcommit transaction[0m
  ↳ db/seeds.rb:11
  [1m[35m (0.1ms)[0m  [1m[36mbegin transaction[0m
  ↳ db/seeds.rb:11
  [1m[36mCourse Create (0.2ms)[0m  [1m[32mINSERT INTO "courses" ("title", "content", "created_at", "updated_at") VALUES (?, ?, ?, ?)[0m  [["title", "Associate Degree in Psychology"], ["content", "CBL"], ["created_at", "2019-01-30 18:48:20.352124"], ["updated_at", "2019-01-30 18:48:20.352124"]]
  ↳ db/seeds.rb:11
  [1m[35m (5.2ms)[0m  [1m[36mcommit transaction[0m
  ↳ db/seeds.rb:11
  [1m[35m (0.1ms)[0m  [1m[36mbegin transaction[0m
  ↳ db/seeds.rb:11
  [1m[36mCourse Create (0.7ms)[0m  [1m[32mINSERT INTO "courses" ("title", "content", "created_at", "updated_at") VALUES (?, ?, ?, ?)[0m  [["title", "Associate Degree in Medicine"], ["content", "THC"], ["created_at", "2019-01-30 18:48:20.361091"], ["updated_at", "2019-01-30 18:48:20.361091"]]
  ↳ db/seeds.rb:11
  [1m[35m (4.9ms)[0m  [1m[36mcommit transaction[0m
  ↳ db/seeds.rb:11
  [1m[35m (0.1ms)[0m  [1m[36mbegin transaction[0m
  ↳ db/seeds.rb:11
  [1m[36mCourse Create (0.6ms)[0m  [1m[32mINSERT INTO "courses" ("title", "content", "created_at", "updated_at") VALUES (?, ?, ?, ?)[0m  [["title", "Associate Degree in Computer Science"], ["content", "∆9THC"], ["created_at", "2019-01-30 18:48:20.371379"], ["updated_at", "2019-01-30 18:48:20.371379"]]
  ↳ db/seeds.rb:11
  [1m[35m (6.8ms)[0m  [1m[36mcommit transaction[0m
  ↳ db/seeds.rb:11
  [1m[35m (0.1ms)[0m  [1m[36mbegin transaction[0m
  ↳ db/seeds.rb:11
  [1m[36mCourse Create (0.6ms)[0m  [1m[32mINSERT INTO "courses" ("title", "content", "created_at", "updated_at") VALUES (?, ?, ?, ?)[0m  [["title", "Master of Medicine"], ["content", "THCv"], ["created_at", "2019-01-30 18:48:20.382830"], ["updated_at", "2019-01-30 18:48:20.382830"]]
  ↳ db/seeds.rb:11
  [1m[35m (9.1ms)[0m  [1m[36mcommit transaction[0m
  ↳ db/seeds.rb:11
  [1m[35m (0.2ms)[0m  [1m[36mbegin transaction[0m
  ↳ db/seeds.rb:11
  [1m[36mCourse Create (0.6ms)[0m  [1m[32mINSERT INTO "courses" ("title", "content", "created_at", "updated_at") VALUES (?, ?, ?, ?)[0m  [["title", "Master of Architectural Technology"], ["content", "CBG"], ["created_at", "2019-01-30 18:48:20.396562"], ["updated_at", "2019-01-30 18:48:20.396562"]]
  ↳ db/seeds.rb:11
  [1m[35m (8.8ms)[0m  [1m[36mcommit transaction[0m
  ↳ db/seeds.rb:11
  [1m[35m (0.1ms)[0m  [1m[36mbegin transaction[0m
  ↳ db/seeds.rb:11
  [1m[36mCourse Create (0.6ms)[0m  [1m[32mINSERT INTO "courses" ("title", "content", "created_at", "updated_at") VALUES (?, ?, ?, ?)[0m  [["title", "Bachelor of Nursing"], ["content", "CBNa"], ["created_at", "2019-01-30 18:48:20.410382"], ["updated_at", "2019-01-30 18:48:20.410382"]]
  ↳ db/seeds.rb:11
  [1m[35m (4.8ms)[0m  [1m[36mcommit transaction[0m
  ↳ db/seeds.rb:11
  [1m[35m (0.1ms)[0m  [1m[36mbegin transaction[0m
  ↳ db/seeds.rb:11
  [1m[36mCourse Create (0.6ms)[0m  [1m[32mINSERT INTO "courses" ("title", "content", "created_at", "updated_at") VALUES (?, ?, ?, ?)[0m  [["title", "Master of Nursing"], ["content", "CBDa"], ["created_at", "2019-01-30 18:48:20.420015"], ["updated_at", "2019-01-30 18:48:20.420015"]]
  ↳ db/seeds.rb:11
  [1m[35m (4.3ms)[0m  [1m[36mcommit transaction[0m
  ↳ db/seeds.rb:11
  [1m[36mCourse Load (0.3ms)[0m  [1m[34mSELECT "courses".* FROM "courses"[0m
  ↳ db/seeds.rb:15
  [1m[35m (0.1ms)[0m  [1m[36mbegin transaction[0m
  ↳ db/seeds.rb:15
  [1m[36mLesson Create (0.2ms)[0m  [1m[32mINSERT INTO "lessons" ("title", "content", "created_at", "updated_at", "course_id") VALUES (?, ?, ?, ?, ?)[0m  [["title", "Weihenstephaner Hefeweissbier"], ["content", "Goodnight, my darlings, I'll see you tomorrow."], ["created_at", "2019-01-30 18:48:20.438513"], ["updated_at", "2019-01-30 18:48:20.438513"], ["course_id", 14]]
  ↳ db/seeds.rb:15
  [1m[35m (8.0ms)[0m  [1m[36mcommit transaction[0m
  ↳ db/seeds.rb:15
  [1m[36mCourse Load (0.1ms)[0m  [1m[34mSELECT "courses".* FROM "courses"[0m
  ↳ db/seeds.rb:15
  [1m[35m (0.0ms)[0m  [1m[36mbegin transaction[0m
  ↳ db/seeds.rb:15
  [1m[36mLesson Create (0.2ms)[0m  [1m[32mINSERT INTO "lessons" ("title", "content", "created_at", "updated_at", "course_id") VALUES (?, ?, ?, ?, ?)[0m  [["title", "Hercules Double IPA"], ["content", "Tape Seinfeld for me."], ["created_at", "2019-01-30 18:48:20.448860"], ["updated_at", "2019-01-30 18:48:20.448860"], ["course_id", 9]]
  ↳ db/seeds.rb:15
  [1m[35m (8.5ms)[0m  [1m[36mcommit transaction[0m
  ↳ db/seeds.rb:15
  [1m[36mCourse Load (0.4ms)[0m  [1m[34mSELECT "courses".* FROM "courses"[0m
  ↳ db/seeds.rb:15
  [1m[35m (0.1ms)[0m  [1m[36mbegin transaction[0m
  ↳ db/seeds.rb:15
  [1m[36mLesson Create (0.6ms)[0m  [1m[32mINSERT INTO "lessons" ("title", "content", "created_at", "updated_at", "course_id") VALUES (?, ?, ?, ?, ?)[0m  [["title", "Stone IPA"], ["content", "I want your bunk!"], ["created_at", "2019-01-30 18:48:20.462509"], ["updated_at", "2019-01-30 18:48:20.462509"], ["course_id", 1]]
  ↳ db/seeds.rb:15
  [1m[35m (5.8ms)[0m  [1m[36mcommit transaction[0m
  ↳ db/seeds.rb:15
  [1m[36mCourse Load (0.6ms)[0m  [1m[34mSELECT "courses".* FROM "courses"[0m
  ↳ db/seeds.rb:15
  [1m[35m (0.1ms)[0m  [1m[36mbegin transaction[0m
  ↳ db/seeds.rb:15
  [1m[36mLesson Create (0.7ms)[0m  [1m[32mINSERT INTO "lessons" ("title", "content", "created_at", "updated_at", "course_id") VALUES (?, ?, ?, ?, ?)[0m  [["title", "Shakespeare Oatmeal"], ["content", "I forgot something."], ["created_at", "2019-01-30 18:48:20.475130"], ["updated_at", "2019-01-30 18:48:20.475130"], ["course_id", 8]]
  ↳ db/seeds.rb:15
  [1m[35m (4.5ms)[0m  [1m[36mcommit transaction[0m
  ↳ db/seeds.rb:15
  [1m[36mCourse Load (0.4ms)[0m  [1m[34mSELECT "courses".* FROM "courses"[0m
  ↳ db/seeds.rb:15
  [1m[35m (0.1ms)[0m  [1m[36mbegin transaction[0m
  ↳ db/seeds.rb:15
  [1m[36mLesson Create (0.4ms)[0m  [1m[32mINSERT INTO "lessons" ("title", "content", "created_at", "updated_at", "course_id") VALUES (?, ?, ?, ?, ?)[0m  [["title", "Edmund Fitzgerald Porter"], ["content", "Van Halen!"], ["created_at", "2019-01-30 18:48:20.485145"], ["updated_at", "2019-01-30 18:48:20.485145"], ["course_id", 2]]
  ↳ db/seeds.rb:15
  [1m[35m (6.2ms)[0m  [1m[36mcommit transaction[0m
  ↳ db/seeds.rb:15
  [1m[36mCourse Load (0.5ms)[0m  [1m[34mSELECT "courses".* FROM "courses"[0m
  ↳ db/seeds.rb:15
  [1m[35m (0.1ms)[0m  [1m[36mbegin transaction[0m
  ↳ db/seeds.rb:15
  [1m[36mLesson Create (0.4ms)[0m  [1m[32mINSERT INTO "lessons" ("title", "content", "created_at", "updated_at", "course_id") VALUES (?, ?, ?, ?, ?)[0m  [["title", "Trappistes Rochefort 10"], ["content", "Do you want me to come with you?"], ["created_at", "2019-01-30 18:48:20.497251"], ["updated_at", "2019-01-30 18:48:20.497251"], ["course_id", 10]]
  ↳ db/seeds.rb:15
  [1m[35m (8.5ms)[0m  [1m[36mcommit transaction[0m
  ↳ db/seeds.rb:15
  [1m[36mCourse Load (0.3ms)[0m  [1m[34mSELECT "courses".* FROM "courses"[0m
  ↳ db/seeds.rb:15
  [1m[35m (0.1ms)[0m  [1m[36mbegin transaction[0m
  ↳ db/seeds.rb:15
  [1m[36mLesson Create (0.4ms)[0m  [1m[32mINSERT INTO "lessons" ("title", "content", "created_at", "updated_at", "course_id") VALUES (?, ?, ?, ?, ?)[0m  [["title", "Stone IPA"], ["content", "I wish I could go with you."], ["created_at", "2019-01-30 18:48:20.510698"], ["updated_at", "2019-01-30 18:48:20.510698"], ["course_id", 15]]
  ↳ db/seeds.rb:15
  [1m[35m (8.2ms)[0m  [1m[36mcommit transaction[0m
  ↳ db/seeds.rb:15
  [1m[36mCourse Load (0.3ms)[0m  [1m[34mSELECT "courses".* FROM "courses"[0m
  ↳ db/seeds.rb:15
  [1m[35m (0.1ms)[0m  [1m[36mbegin transaction[0m
  ↳ db/seeds.rb:15
  [1m[36mLesson Create (0.4ms)[0m  [1m[32mINSERT INTO "lessons" ("title", "content", "created_at", "updated_at", "course_id") VALUES (?, ?, ?, ?, ?)[0m  [["title", "Alpha King Pale Ale"], ["content", "I am confound."], ["created_at", "2019-01-30 18:48:20.523280"], ["updated_at", "2019-01-30 18:48:20.523280"], ["course_id", 12]]
  ↳ db/seeds.rb:15
  [1m[35m (4.6ms)[0m  [1m[36mcommit transaction[0m
  ↳ db/seeds.rb:15
  [1m[36mCourse Load (0.5ms)[0m  [1m[34mSELECT "courses".* FROM "courses"[0m
  ↳ db/seeds.rb:15
  [1m[35m (0.1ms)[0m  [1m[36mbegin transaction[0m
  ↳ db/seeds.rb:15
  [1m[36mLesson Create (0.5ms)[0m  [1m[32mINSERT INTO "lessons" ("title", "content", "created_at", "updated_at", "course_id") VALUES (?, ?, ?, ?, ?)[0m  [["title", "Storm King Stout"], ["content", "Is it not meningitis?"], ["created_at", "2019-01-30 18:48:20.534157"], ["updated_at", "2019-01-30 18:48:20.534157"], ["course_id", 12]]
  ↳ db/seeds.rb:15
  [1m[35m (4.7ms)[0m  [1m[36mcommit transaction[0m
  ↳ db/seeds.rb:15
  [1m[36mCourse Load (0.3ms)[0m  [1m[34mSELECT "courses".* FROM "courses"[0m
  ↳ db/seeds.rb:15
  [1m[35m (0.1ms)[0m  [1m[36mbegin transaction[0m
  ↳ db/seeds.rb:15
  [1m[36mLesson Create (0.5ms)[0m  [1m[32mINSERT INTO "lessons" ("title", "content", "created_at", "updated_at", "course_id") VALUES (?, ?, ?, ?, ?)[0m  [["title", "Duvel"], ["content", "Van Halen!"], ["created_at", "2019-01-30 18:48:20.545072"], ["updated_at", "2019-01-30 18:48:20.545072"], ["course_id", 17]]
  ↳ db/seeds.rb:15
  [1m[35m (8.9ms)[0m  [1m[36mcommit transaction[0m
  ↳ db/seeds.rb:15
  [1m[36mLesson Load (0.4ms)[0m  [1m[34mSELECT  "lessons".* FROM "lessons" LIMIT ?[0m  [["LIMIT", 11]]
  [1m[36mLesson Load (0.5ms)[0m  [1m[34mSELECT "lessons".* FROM "lessons"[0m
  [1m[36mCourse Load (0.4ms)[0m  [1m[34mSELECT "courses".* FROM "courses"[0m
  [1m[36mLesson Load (0.1ms)[0m  [1m[34mSELECT "lessons".* FROM "lessons"[0m
  [1m[35m (0.1ms)[0m  [1m[34mSELECT "schema_migrations"."version" FROM "schema_migrations" ORDER BY "schema_migrations"."version" ASC[0m
  ↳ bin/rails:9
  [1m[36mCourse Load (0.2ms)[0m  [1m[34mSELECT "courses".* FROM "courses"[0m
  ↳ db/seeds.rb:11
  [1m[35m (0.0ms)[0m  [1m[36mbegin transaction[0m
  ↳ db/seeds.rb:11
  [1m[36mCourse Destroy (0.2ms)[0m  [1m[31mDELETE FROM "courses" WHERE "courses"."id" = ?[0m  [["id", 1]]
  ↳ db/seeds.rb:11
  [1m[35m (8.6ms)[0m  [1m[36mcommit transaction[0m
  ↳ db/seeds.rb:11
  [1m[35m (0.1ms)[0m  [1m[36mbegin transaction[0m
  ↳ db/seeds.rb:11
  [1m[36mCourse Destroy (0.5ms)[0m  [1m[31mDELETE FROM "courses" WHERE "courses"."id" = ?[0m  [["id", 2]]
  ↳ db/seeds.rb:11
  [1m[35m (8.6ms)[0m  [1m[36mcommit transaction[0m
  ↳ db/seeds.rb:11
  [1m[35m (0.1ms)[0m  [1m[36mbegin transaction[0m
  ↳ db/seeds.rb:11
  [1m[36mCourse Destroy (0.3ms)[0m  [1m[31mDELETE FROM "courses" WHERE "courses"."id" = ?[0m  [["id", 3]]
  ↳ db/seeds.rb:11
  [1m[35m (5.5ms)[0m  [1m[36mcommit transaction[0m
  ↳ db/seeds.rb:11
  [1m[35m (0.1ms)[0m  [1m[36mbegin transaction[0m
  ↳ db/seeds.rb:11
  [1m[36mCourse Destroy (0.4ms)[0m  [1m[31mDELETE FROM "courses" WHERE "courses"."id" = ?[0m  [["id", 4]]
  ↳ db/seeds.rb:11
  [1m[35m (4.5ms)[0m  [1m[36mcommit transaction[0m
  ↳ db/seeds.rb:11
  [1m[35m (0.1ms)[0m  [1m[36mbegin transaction[0m
  ↳ db/seeds.rb:11
  [1m[36mCourse Destroy (0.5ms)[0m  [1m[31mDELETE FROM "courses" WHERE "courses"."id" = ?[0m  [["id", 5]]
  ↳ db/seeds.rb:11
  [1m[35m (9.3ms)[0m  [1m[36mcommit transaction[0m
  ↳ db/seeds.rb:11
  [1m[35m (0.1ms)[0m  [1m[36mbegin transaction[0m
  ↳ db/seeds.rb:11
  [1m[36mCourse Destroy (0.5ms)[0m  [1m[31mDELETE FROM "courses" WHERE "courses"."id" = ?[0m  [["id", 6]]
  ↳ db/seeds.rb:11
  [1m[35m (8.9ms)[0m  [1m[36mcommit transaction[0m
  ↳ db/seeds.rb:11
  [1m[35m (0.2ms)[0m  [1m[36mbegin transaction[0m
  ↳ db/seeds.rb:11
  [1m[36mCourse Destroy (0.5ms)[0m  [1m[31mDELETE FROM "courses" WHERE "courses"."id" = ?[0m  [["id", 7]]
  ↳ db/seeds.rb:11
  [1m[35m (7.9ms)[0m  [1m[36mcommit transaction[0m
  ↳ db/seeds.rb:11
  [1m[35m (0.1ms)[0m  [1m[36mbegin transaction[0m
  ↳ db/seeds.rb:11
  [1m[36mCourse Destroy (0.4ms)[0m  [1m[31mDELETE FROM "courses" WHERE "courses"."id" = ?[0m  [["id", 8]]
  ↳ db/seeds.rb:11
  [1m[35m (4.7ms)[0m  [1m[36mcommit transaction[0m
  ↳ db/seeds.rb:11
  [1m[35m (0.1ms)[0m  [1m[36mbegin transaction[0m
  ↳ db/seeds.rb:11
  [1m[36mCourse Destroy (0.5ms)[0m  [1m[31mDELETE FROM "courses" WHERE "courses"."id" = ?[0m  [["id", 9]]
  ↳ db/seeds.rb:11
  [1m[35m (4.8ms)[0m  [1m[36mcommit transaction[0m
  ↳ db/seeds.rb:11
  [1m[35m (0.1ms)[0m  [1m[36mbegin transaction[0m
  ↳ db/seeds.rb:11
  [1m[36mCourse Destroy (0.6ms)[0m  [1m[31mDELETE FROM "courses" WHERE "courses"."id" = ?[0m  [["id", 10]]
  ↳ db/seeds.rb:11
  [1m[35m (8.9ms)[0m  [1m[36mcommit transaction[0m
  ↳ db/seeds.rb:11
  [1m[35m (0.2ms)[0m  [1m[36mbegin transaction[0m
  ↳ db/seeds.rb:11
  [1m[36mCourse Destroy (0.5ms)[0m  [1m[31mDELETE FROM "courses" WHERE "courses"."id" = ?[0m  [["id", 11]]
  ↳ db/seeds.rb:11
  [1m[35m (8.9ms)[0m  [1m[36mcommit transaction[0m
  ↳ db/seeds.rb:11
  [1m[35m (0.2ms)[0m  [1m[36mbegin transaction[0m
  ↳ db/seeds.rb:11
  [1m[36mCourse Destroy (0.6ms)[0m  [1m[31mDELETE FROM "courses" WHERE "courses"."id" = ?[0m  [["id", 12]]
  ↳ db/seeds.rb:11
  [1m[35m (5.7ms)[0m  [1m[36mcommit transaction[0m
  ↳ db/seeds.rb:11
  [1m[35m (0.1ms)[0m  [1m[36mbegin transaction[0m
  ↳ db/seeds.rb:11
  [1m[36mCourse Destroy (0.3ms)[0m  [1m[31mDELETE FROM "courses" WHERE "courses"."id" = ?[0m  [["id", 13]]
  ↳ db/seeds.rb:11
  [1m[35m (5.6ms)[0m  [1m[36mcommit transaction[0m
  ↳ db/seeds.rb:11
  [1m[35m (0.1ms)[0m  [1m[36mbegin transaction[0m
  ↳ db/seeds.rb:11
  [1m[36mCourse Destroy (0.2ms)[0m  [1m[31mDELETE FROM "courses" WHERE "courses"."id" = ?[0m  [["id", 14]]
  ↳ db/seeds.rb:11
  [1m[35m (6.5ms)[0m  [1m[36mcommit transaction[0m
  ↳ db/seeds.rb:11
  [1m[35m (0.1ms)[0m  [1m[36mbegin transaction[0m
  ↳ db/seeds.rb:11
  [1m[36mCourse Destroy (0.3ms)[0m  [1m[31mDELETE FROM "courses" WHERE "courses"."id" = ?[0m  [["id", 15]]
  ↳ db/seeds.rb:11
  [1m[35m (9.2ms)[0m  [1m[36mcommit transaction[0m
  ↳ db/seeds.rb:11
  [1m[35m (0.1ms)[0m  [1m[36mbegin transaction[0m
  ↳ db/seeds.rb:11
  [1m[36mCourse Destroy (0.2ms)[0m  [1m[31mDELETE FROM "courses" WHERE "courses"."id" = ?[0m  [["id", 16]]
  ↳ db/seeds.rb:11
  [1m[35m (9.2ms)[0m  [1m[36mcommit transaction[0m
  ↳ db/seeds.rb:11
  [1m[35m (0.1ms)[0m  [1m[36mbegin transaction[0m
  ↳ db/seeds.rb:11
  [1m[36mCourse Destroy (0.3ms)[0m  [1m[31mDELETE FROM "courses" WHERE "courses"."id" = ?[0m  [["id", 17]]
  ↳ db/seeds.rb:11
  [1m[35m (4.2ms)[0m  [1m[36mcommit transaction[0m
  ↳ db/seeds.rb:11
  [1m[35m (0.1ms)[0m  [1m[36mbegin transaction[0m
  ↳ db/seeds.rb:11
  [1m[36mCourse Destroy (0.2ms)[0m  [1m[31mDELETE FROM "courses" WHERE "courses"."id" = ?[0m  [["id", 18]]
  ↳ db/seeds.rb:11
  [1m[35m (3.9ms)[0m  [1m[36mcommit transaction[0m
  ↳ db/seeds.rb:11
  [1m[35m (0.0ms)[0m  [1m[36mbegin transaction[0m
  ↳ db/seeds.rb:11
  [1m[36mCourse Destroy (0.2ms)[0m  [1m[31mDELETE FROM "courses" WHERE "courses"."id" = ?[0m  [["id", 19]]
  ↳ db/seeds.rb:11
  [1m[35m (8.3ms)[0m  [1m[36mcommit transaction[0m
  ↳ db/seeds.rb:11
  [1m[35m (0.1ms)[0m  [1m[36mbegin transaction[0m
  ↳ db/seeds.rb:11
  [1m[36mCourse Destroy (0.5ms)[0m  [1m[31mDELETE FROM "courses" WHERE "courses"."id" = ?[0m  [["id", 20]]
  ↳ db/seeds.rb:11
  [1m[35m (8.8ms)[0m  [1m[36mcommit transaction[0m
  ↳ db/seeds.rb:11
  [1m[35m (0.1ms)[0m  [1m[36mbegin transaction[0m
  ↳ db/seeds.rb:14
  [1m[36mCourse Create (0.2ms)[0m  [1m[32mINSERT INTO "courses" ("title", "content", "created_at", "updated_at") VALUES (?, ?, ?, ?)[0m  [["title", "Master of Architectural Technology"], ["content", "CBC"], ["created_at", "2019-01-30 19:08:58.643553"], ["updated_at", "2019-01-30 19:08:58.643553"]]
  ↳ db/seeds.rb:14
  [1m[35m (5.6ms)[0m  [1m[36mcommit transaction[0m
  ↳ db/seeds.rb:14
  [1m[35m (0.1ms)[0m  [1m[36mbegin transaction[0m
  ↳ db/seeds.rb:14
  [1m[36mCourse Create (0.4ms)[0m  [1m[32mINSERT INTO "courses" ("title", "content", "created_at", "updated_at") VALUES (?, ?, ?, ?)[0m  [["title", "Associate Degree in Commerce"], ["content", "CBLa"], ["created_at", "2019-01-30 19:08:58.652193"], ["updated_at", "2019-01-30 19:08:58.652193"]]
  ↳ db/seeds.rb:14
  [1m[35m (4.5ms)[0m  [1m[36mcommit transaction[0m
  ↳ db/seeds.rb:14
  [1m[35m (0.1ms)[0m  [1m[36mbegin transaction[0m
  ↳ db/seeds.rb:14
  [1m[36mCourse Create (0.4ms)[0m  [1m[32mINSERT INTO "courses" ("title", "content", "created_at", "updated_at") VALUES (?, ?, ?, ?)[0m  [["title", "Bachelor of Biological Science"], ["content", "∆8THC"], ["created_at", "2019-01-30 19:08:58.660990"], ["updated_at", "2019-01-30 19:08:58.660990"]]
  ↳ db/seeds.rb:14
  [1m[35m (5.5ms)[0m  [1m[36mcommit transaction[0m
  ↳ db/seeds.rb:14
  [1m[35m (0.1ms)[0m  [1m[36mbegin transaction[0m
  ↳ db/seeds.rb:14
  [1m[36mCourse Create (0.4ms)[0m  [1m[32mINSERT INTO "courses" ("title", "content", "created_at", "updated_at") VALUES (?, ?, ?, ?)[0m  [["title", "Associate Degree in Engineering"], ["content", "CBDa"], ["created_at", "2019-01-30 19:08:58.670682"], ["updated_at", "2019-01-30 19:08:58.670682"]]
  ↳ db/seeds.rb:14
  [1m[35m (9.0ms)[0m  [1m[36mcommit transaction[0m
  ↳ db/seeds.rb:14
  [1m[35m (0.2ms)[0m  [1m[36mbegin transaction[0m
  ↳ db/seeds.rb:14
  [1m[36mCourse Create (0.5ms)[0m  [1m[32mINSERT INTO "courses" ("title", "content", "created_at", "updated_at") VALUES (?, ?, ?, ?)[0m  [["title", "Associate Degree in Communications"], ["content", "CBNa"], ["created_at", "2019-01-30 19:08:58.684258"], ["updated_at", "2019-01-30 19:08:58.684258"]]
  ↳ db/seeds.rb:14
  [1m[35m (8.9ms)[0m  [1m[36mcommit transaction[0m
  ↳ db/seeds.rb:14
  [1m[35m (0.1ms)[0m  [1m[36mbegin transaction[0m
  ↳ db/seeds.rb:14
  [1m[36mCourse Create (0.7ms)[0m  [1m[32mINSERT INTO "courses" ("title", "content", "created_at", "updated_at") VALUES (?, ?, ?, ?)[0m  [["title", "Master of Psychology"], ["content", "∆8THC"], ["created_at", "2019-01-30 19:08:58.698154"], ["updated_at", "2019-01-30 19:08:58.698154"]]
  ↳ db/seeds.rb:14
  [1m[35m (6.0ms)[0m  [1m[36mcommit transaction[0m
  ↳ db/seeds.rb:14
  [1m[35m (0.2ms)[0m  [1m[36mbegin transaction[0m
  ↳ db/seeds.rb:14
  [1m[36mCourse Create (0.6ms)[0m  [1m[32mINSERT INTO "courses" ("title", "content", "created_at", "updated_at") VALUES (?, ?, ?, ?)[0m  [["title", "Bachelor of Creative Arts"], ["content", "CBGa"], ["created_at", "2019-01-30 19:08:58.709139"], ["updated_at", "2019-01-30 19:08:58.709139"]]
  ↳ db/seeds.rb:14
  [1m[35m (4.8ms)[0m  [1m[36mcommit transaction[0m
  ↳ db/seeds.rb:14
  [1m[35m (0.1ms)[0m  [1m[36mbegin transaction[0m
  ↳ db/seeds.rb:14
  [1m[36mCourse Create (0.6ms)[0m  [1m[32mINSERT INTO "courses" ("title", "content", "created_at", "updated_at") VALUES (?, ?, ?, ?)[0m  [["title", "Associate Degree in Law"], ["content", "CBDa"], ["created_at", "2019-01-30 19:08:58.718402"], ["updated_at", "2019-01-30 19:08:58.718402"]]
  ↳ db/seeds.rb:14
  [1m[35m (8.6ms)[0m  [1m[36mcommit transaction[0m
  ↳ db/seeds.rb:14
  [1m[35m (0.1ms)[0m  [1m[36mbegin transaction[0m
  ↳ db/seeds.rb:14
  [1m[36mCourse Create (0.6ms)[0m  [1m[32mINSERT INTO "courses" ("title", "content", "created_at", "updated_at") VALUES (?, ?, ?, ?)[0m  [["title", "Master of Communications"], ["content", "CBNa"], ["created_at", "2019-01-30 19:08:58.738856"], ["updated_at", "2019-01-30 19:08:58.738856"]]
  ↳ db/seeds.rb:14
  [1m[35m (8.8ms)[0m  [1m[36mcommit transaction[0m
  ↳ db/seeds.rb:14
  [1m[35m (0.1ms)[0m  [1m[36mbegin transaction[0m
  ↳ db/seeds.rb:14
  [1m[36mCourse Create (0.7ms)[0m  [1m[32mINSERT INTO "courses" ("title", "content", "created_at", "updated_at") VALUES (?, ?, ?, ?)[0m  [["title", "Bachelor of Computer Science"], ["content", "∆8THC"], ["created_at", "2019-01-30 19:08:58.770103"], ["updated_at", "2019-01-30 19:08:58.770103"]]
  ↳ db/seeds.rb:14
  [1m[35m (6.4ms)[0m  [1m[36mcommit transaction[0m
  ↳ db/seeds.rb:14
  [1m[36mCourse Load (0.1ms)[0m  [1m[34mSELECT "courses".* FROM "courses"[0m
  ↳ db/seeds.rb:18
  [1m[35m (0.0ms)[0m  [1m[36mbegin transaction[0m
  ↳ db/seeds.rb:18
  [1m[36mLesson Create (0.3ms)[0m  [1m[32mINSERT INTO "lessons" ("title", "content", "created_at", "updated_at", "course_id") VALUES (?, ?, ?, ?, ?)[0m  [["title", "Orval Trappist Ale"], ["content", "I don't know."], ["created_at", "2019-01-30 19:08:58.793864"], ["updated_at", "2019-01-30 19:08:58.793864"], ["course_id", 29]]
  ↳ db/seeds.rb:18
  [1m[35m (4.3ms)[0m  [1m[36mcommit transaction[0m
  ↳ db/seeds.rb:18
  [1m[36mCourse Load (0.4ms)[0m  [1m[34mSELECT "courses".* FROM "courses"[0m
  ↳ db/seeds.rb:18
  [1m[35m (0.1ms)[0m  [1m[36mbegin transaction[0m
  ↳ db/seeds.rb:18
  [1m[36mLesson Create (0.6ms)[0m  [1m[32mINSERT INTO "lessons" ("title", "content", "created_at", "updated_at", "course_id") VALUES (?, ?, ?, ?, ?)[0m  [["title", "Shakespeare Oatmeal"], ["content", "That's good. Go on, read some more."], ["created_at", "2019-01-30 19:08:58.805275"], ["updated_at", "2019-01-30 19:08:58.805275"], ["course_id", 29]]
  ↳ db/seeds.rb:18
  [1m[35m (5.6ms)[0m  [1m[36mcommit transaction[0m
  ↳ db/seeds.rb:18
  [1m[36mCourse Load (0.3ms)[0m  [1m[34mSELECT "courses".* FROM "courses"[0m
  ↳ db/seeds.rb:18
  [1m[35m (0.1ms)[0m  [1m[36mbegin transaction[0m
  ↳ db/seeds.rb:18
  [1m[36mLesson Create (0.6ms)[0m  [1m[32mINSERT INTO "lessons" ("title", "content", "created_at", "updated_at", "course_id") VALUES (?, ?, ?, ?, ?)[0m  [["title", "Sierra Nevada Bigfoot Barleywine Style Ale"], ["content", "All my possessions for a moment of time."], ["created_at", "2019-01-30 19:08:58.818417"], ["updated_at", "2019-01-30 19:08:58.818417"], ["course_id", 26]]
  ↳ db/seeds.rb:18
  [1m[35m (8.7ms)[0m  [1m[36mcommit transaction[0m
  ↳ db/seeds.rb:18
  [1m[36mCourse Load (0.4ms)[0m  [1m[34mSELECT "courses".* FROM "courses"[0m
  ↳ db/seeds.rb:18
  [1m[35m (0.1ms)[0m  [1m[36mbegin transaction[0m
  ↳ db/seeds.rb:18
  [1m[36mLesson Create (0.8ms)[0m  [1m[32mINSERT INTO "lessons" ("title", "content", "created_at", "updated_at", "course_id") VALUES (?, ?, ?, ?, ?)[0m  [["title", "HopSlam Ale"], ["content", "I want your bunk!"], ["created_at", "2019-01-30 19:08:58.835587"], ["updated_at", "2019-01-30 19:08:58.835587"], ["course_id", 23]]
  ↳ db/seeds.rb:18
  [1m[35m (9.2ms)[0m  [1m[36mcommit transaction[0m
  ↳ db/seeds.rb:18
  [1m[36mCourse Load (0.3ms)[0m  [1m[34mSELECT "courses".* FROM "courses"[0m
  ↳ db/seeds.rb:18
  [1m[35m (0.1ms)[0m  [1m[36mbegin transaction[0m
  ↳ db/seeds.rb:18
  [1m[36mLesson Create (0.6ms)[0m  [1m[32mINSERT INTO "lessons" ("title", "content", "created_at", "updated_at", "course_id") VALUES (?, ?, ?, ?, ?)[0m  [["title", "Sierra Nevada Celebration Ale"], ["content", "Happy."], ["created_at", "2019-01-30 19:08:58.858057"], ["updated_at", "2019-01-30 19:08:58.858057"], ["course_id", 29]]
  ↳ db/seeds.rb:18
  [1m[35m (6.1ms)[0m  [1m[36mcommit transaction[0m
  ↳ db/seeds.rb:18
  [1m[36mCourse Load (0.4ms)[0m  [1m[34mSELECT "courses".* FROM "courses"[0m
  ↳ db/seeds.rb:18
  [1m[35m (0.2ms)[0m  [1m[36mbegin transaction[0m
  ↳ db/seeds.rb:18
  [1m[36mLesson Create (0.8ms)[0m  [1m[32mINSERT INTO "lessons" ("title", "content", "created_at", "updated_at", "course_id") VALUES (?, ?, ?, ?, ?)[0m  [["title", "La Fin Du Monde"], ["content", "I don't think they even heard me."], ["created_at", "2019-01-30 19:08:58.873380"], ["updated_at", "2019-01-30 19:08:58.873380"], ["course_id", 30]]
  ↳ db/seeds.rb:18
  [1m[35m (4.4ms)[0m  [1m[36mcommit transaction[0m
  ↳ db/seeds.rb:18
  [1m[36mCourse Load (0.2ms)[0m  [1m[34mSELECT "courses".* FROM "courses"[0m
  ↳ db/seeds.rb:18
  [1m[35m (0.1ms)[0m  [1m[36mbegin transaction[0m
  ↳ db/seeds.rb:18
  [1m[36mLesson Create (1.3ms)[0m  [1m[32mINSERT INTO "lessons" ("title", "content", "created_at", "updated_at", "course_id") VALUES (?, ?, ?, ?, ?)[0m  [["title", "Hennepin"], ["content", "Well, this is certainly a pleasant surprise."], ["created_at", "2019-01-30 19:08:58.885118"], ["updated_at", "2019-01-30 19:08:58.885118"], ["course_id", 27]]
  ↳ db/seeds.rb:18
  [1m[35m (8.5ms)[0m  [1m[36mcommit transaction[0m
  ↳ db/seeds.rb:18
  [1m[36mCourse Load (0.4ms)[0m  [1m[34mSELECT "courses".* FROM "courses"[0m
  ↳ db/seeds.rb:18
  [1m[35m (0.2ms)[0m  [1m[36mbegin transaction[0m
  ↳ db/seeds.rb:18
  [1m[36mLesson Create (0.8ms)[0m  [1m[32mINSERT INTO "lessons" ("title", "content", "created_at", "updated_at", "course_id") VALUES (?, ?, ?, ?, ?)[0m  [["title", "Alpha King Pale Ale"], ["content", "I regret that I should leave this world without again beholding him."], ["created_at", "2019-01-30 19:08:58.903519"], ["updated_at", "2019-01-30 19:08:58.903519"], ["course_id", 25]]
  ↳ db/seeds.rb:18
  [1m[35m (8.7ms)[0m  [1m[36mcommit transaction[0m
  ↳ db/seeds.rb:18
  [1m[36mCourse Load (0.3ms)[0m  [1m[34mSELECT "courses".* FROM "courses"[0m
  ↳ db/seeds.rb:18
  [1m[35m (0.1ms)[0m  [1m[36mbegin transaction[0m
  ↳ db/seeds.rb:18
  [1m[36mLesson Create (1.0ms)[0m  [1m[32mINSERT INTO "lessons" ("title", "content", "created_at", "updated_at", "course_id") VALUES (?, ?, ?, ?, ?)[0m  [["title", "Celebrator Doppelbock"], ["content", "I regret that I should leave this world without again beholding him."], ["created_at", "2019-01-30 19:08:58.923062"], ["updated_at", "2019-01-30 19:08:58.923062"], ["course_id", 23]]
  ↳ db/seeds.rb:18
  [1m[35m (7.1ms)[0m  [1m[36mcommit transaction[0m
  ↳ db/seeds.rb:18
  [1m[36mCourse Load (0.3ms)[0m  [1m[34mSELECT "courses".* FROM "courses"[0m
  ↳ db/seeds.rb:18
  [1m[35m (0.1ms)[0m  [1m[36mbegin transaction[0m
  ↳ db/seeds.rb:18
  [1m[36mLesson Create (0.7ms)[0m  [1m[32mINSERT INTO "lessons" ("title", "content", "created_at", "updated_at", "course_id") VALUES (?, ?, ?, ?, ?)[0m  [["title", "Edmund Fitzgerald Porter"], ["content", "Van Halen!"], ["created_at", "2019-01-30 19:08:58.939208"], ["updated_at", "2019-01-30 19:08:58.939208"], ["course_id", 29]]
  ↳ db/seeds.rb:18
  [1m[35m (5.0ms)[0m  [1m[36mcommit transaction[0m
  ↳ db/seeds.rb:18
  [1m[36mCourse Load (0.9ms)[0m  [1m[34mSELECT "courses".* FROM "courses"[0m
  [1m[35m (0.1ms)[0m  [1m[34mSELECT "schema_migrations"."version" FROM "schema_migrations" ORDER BY "schema_migrations"."version" ASC[0m
  ↳ bin/rails:9
  [1m[36mCourse Load (0.1ms)[0m  [1m[34mSELECT "courses".* FROM "courses"[0m
  ↳ db/seeds.rb:11
  [1m[35m (0.0ms)[0m  [1m[36mbegin transaction[0m
  ↳ db/seeds.rb:11
  [1m[36mCourse Destroy (0.3ms)[0m  [1m[31mDELETE FROM "courses" WHERE "courses"."id" = ?[0m  [["id", 21]]
  ↳ db/seeds.rb:11
  [1m[35m (8.7ms)[0m  [1m[36mcommit transaction[0m
  ↳ db/seeds.rb:11
  [1m[35m (0.1ms)[0m  [1m[36mbegin transaction[0m
  ↳ db/seeds.rb:11
  [1m[36mCourse Destroy (0.3ms)[0m  [1m[31mDELETE FROM "courses" WHERE "courses"."id" = ?[0m  [["id", 22]]
  ↳ db/seeds.rb:11
  [1m[35m (5.6ms)[0m  [1m[36mcommit transaction[0m
  ↳ db/seeds.rb:11
  [1m[35m (0.2ms)[0m  [1m[36mbegin transaction[0m
  ↳ db/seeds.rb:11
  [1m[36mCourse Destroy (0.5ms)[0m  [1m[31mDELETE FROM "courses" WHERE "courses"."id" = ?[0m  [["id", 23]]
  ↳ db/seeds.rb:11
  [1m[35m (4.4ms)[0m  [1m[36mcommit transaction[0m
  ↳ db/seeds.rb:11
  [1m[35m (0.1ms)[0m  [1m[36mbegin transaction[0m
  ↳ db/seeds.rb:11
  [1m[36mCourse Destroy (0.3ms)[0m  [1m[31mDELETE FROM "courses" WHERE "courses"."id" = ?[0m  [["id", 24]]
  ↳ db/seeds.rb:11
  [1m[35m (7.1ms)[0m  [1m[36mcommit transaction[0m
  ↳ db/seeds.rb:11
  [1m[35m (0.1ms)[0m  [1m[36mbegin transaction[0m
  ↳ db/seeds.rb:11
  [1m[36mCourse Destroy (0.2ms)[0m  [1m[31mDELETE FROM "courses" WHERE "courses"."id" = ?[0m  [["id", 25]]
  ↳ db/seeds.rb:11
  [1m[35m (8.1ms)[0m  [1m[36mcommit transaction[0m
  ↳ db/seeds.rb:11
  [1m[35m (0.1ms)[0m  [1m[36mbegin transaction[0m
  ↳ db/seeds.rb:11
  [1m[36mCourse Destroy (0.2ms)[0m  [1m[31mDELETE FROM "courses" WHERE "courses"."id" = ?[0m  [["id", 26]]
  ↳ db/seeds.rb:11
  [1m[35m (7.2ms)[0m  [1m[36mcommit transaction[0m
  ↳ db/seeds.rb:11
  [1m[35m (0.1ms)[0m  [1m[36mbegin transaction[0m
  ↳ db/seeds.rb:11
  [1m[36mCourse Destroy (0.3ms)[0m  [1m[31mDELETE FROM "courses" WHERE "courses"."id" = ?[0m  [["id", 27]]
  ↳ db/seeds.rb:11
  [1m[35m (4.2ms)[0m  [1m[36mcommit transaction[0m
  ↳ db/seeds.rb:11
  [1m[35m (0.1ms)[0m  [1m[36mbegin transaction[0m
  ↳ db/seeds.rb:11
  [1m[36mCourse Destroy (0.2ms)[0m  [1m[31mDELETE FROM "courses" WHERE "courses"."id" = ?[0m  [["id", 28]]
  ↳ db/seeds.rb:11
  [1m[35m (4.2ms)[0m  [1m[36mcommit transaction[0m
  ↳ db/seeds.rb:11
  [1m[35m (0.1ms)[0m  [1m[36mbegin transaction[0m
  ↳ db/seeds.rb:11
  [1m[36mCourse Destroy (0.2ms)[0m  [1m[31mDELETE FROM "courses" WHERE "courses"."id" = ?[0m  [["id", 29]]
  ↳ db/seeds.rb:11
  [1m[35m (8.3ms)[0m  [1m[36mcommit transaction[0m
  ↳ db/seeds.rb:11
  [1m[35m (0.1ms)[0m  [1m[36mbegin transaction[0m
  ↳ db/seeds.rb:11
  [1m[36mCourse Destroy (0.3ms)[0m  [1m[31mDELETE FROM "courses" WHERE "courses"."id" = ?[0m  [["id", 30]]
  ↳ db/seeds.rb:11
  [1m[35m (8.3ms)[0m  [1m[36mcommit transaction[0m
  ↳ db/seeds.rb:11
  [1m[36mLesson Load (0.5ms)[0m  [1m[34mSELECT "lessons".* FROM "lessons"[0m
  ↳ db/seeds.rb:12
  [1m[35m (0.2ms)[0m  [1m[36mbegin transaction[0m
  ↳ db/seeds.rb:12
  [1m[36mLesson Destroy (0.5ms)[0m  [1m[31mDELETE FROM "lessons" WHERE "lessons"."id" = ?[0m  [["id", 1]]
  ↳ db/seeds.rb:12
  [1m[35m (5.5ms)[0m  [1m[36mcommit transaction[0m
  ↳ db/seeds.rb:12
  [1m[35m (0.1ms)[0m  [1m[36mbegin transaction[0m
  ↳ db/seeds.rb:12
  [1m[36mLesson Destroy (0.4ms)[0m  [1m[31mDELETE FROM "lessons" WHERE "lessons"."id" = ?[0m  [["id", 2]]
  ↳ db/seeds.rb:12
  [1m[35m (5.0ms)[0m  [1m[36mcommit transaction[0m
  ↳ db/seeds.rb:12
  [1m[35m (0.1ms)[0m  [1m[36mbegin transaction[0m
  ↳ db/seeds.rb:12
  [1m[36mLesson Destroy (0.2ms)[0m  [1m[31mDELETE FROM "lessons" WHERE "lessons"."id" = ?[0m  [["id", 3]]
  ↳ db/seeds.rb:12
  [1m[35m (7.6ms)[0m  [1m[36mcommit transaction[0m
  ↳ db/seeds.rb:12
  [1m[35m (0.1ms)[0m  [1m[36mbegin transaction[0m
  ↳ db/seeds.rb:12
  [1m[36mLesson Destroy (0.2ms)[0m  [1m[31mDELETE FROM "lessons" WHERE "lessons"."id" = ?[0m  [["id", 4]]
  ↳ db/seeds.rb:12
  [1m[35m (8.1ms)[0m  [1m[36mcommit transaction[0m
  ↳ db/seeds.rb:12
  [1m[35m (0.1ms)[0m  [1m[36mbegin transaction[0m
  ↳ db/seeds.rb:12
  [1m[36mLesson Destroy (0.2ms)[0m  [1m[31mDELETE FROM "lessons" WHERE "lessons"."id" = ?[0m  [["id", 5]]
  ↳ db/seeds.rb:12
  [1m[35m (8.4ms)[0m  [1m[36mcommit transaction[0m
  ↳ db/seeds.rb:12
  [1m[35m (0.1ms)[0m  [1m[36mbegin transaction[0m
  ↳ db/seeds.rb:12
  [1m[36mLesson Destroy (0.2ms)[0m  [1m[31mDELETE FROM "lessons" WHERE "lessons"."id" = ?[0m  [["id", 6]]
  ↳ db/seeds.rb:12
  [1m[35m (4.2ms)[0m  [1m[36mcommit transaction[0m
  ↳ db/seeds.rb:12
  [1m[35m (0.0ms)[0m  [1m[36mbegin transaction[0m
  ↳ db/seeds.rb:12
  [1m[36mLesson Destroy (0.2ms)[0m  [1m[31mDELETE FROM "lessons" WHERE "lessons"."id" = ?[0m  [["id", 7]]
  ↳ db/seeds.rb:12
  [1m[35m (4.1ms)[0m  [1m[36mcommit transaction[0m
  ↳ db/seeds.rb:12
  [1m[35m (0.2ms)[0m  [1m[36mbegin transaction[0m
  ↳ db/seeds.rb:12
  [1m[36mLesson Destroy (0.5ms)[0m  [1m[31mDELETE FROM "lessons" WHERE "lessons"."id" = ?[0m  [["id", 8]]
  ↳ db/seeds.rb:12
  [1m[35m (9.0ms)[0m  [1m[36mcommit transaction[0m
  ↳ db/seeds.rb:12
  [1m[35m (0.2ms)[0m  [1m[36mbegin transaction[0m
  ↳ db/seeds.rb:12
  [1m[36mLesson Destroy (0.5ms)[0m  [1m[31mDELETE FROM "lessons" WHERE "lessons"."id" = ?[0m  [["id", 9]]
  ↳ db/seeds.rb:12
  [1m[35m (8.7ms)[0m  [1m[36mcommit transaction[0m
  ↳ db/seeds.rb:12
  [1m[35m (0.2ms)[0m  [1m[36mbegin transaction[0m
  ↳ db/seeds.rb:12
  [1m[36mLesson Destroy (0.5ms)[0m  [1m[31mDELETE FROM "lessons" WHERE "lessons"."id" = ?[0m  [["id", 10]]
  ↳ db/seeds.rb:12
  [1m[35m (5.8ms)[0m  [1m[36mcommit transaction[0m
  ↳ db/seeds.rb:12
  [1m[35m (0.2ms)[0m  [1m[36mbegin transaction[0m
  ↳ db/seeds.rb:12
  [1m[36mLesson Destroy (0.5ms)[0m  [1m[31mDELETE FROM "lessons" WHERE "lessons"."id" = ?[0m  [["id", 11]]
  ↳ db/seeds.rb:12
  [1m[35m (4.8ms)[0m  [1m[36mcommit transaction[0m
  ↳ db/seeds.rb:12
  [1m[35m (0.2ms)[0m  [1m[36mbegin transaction[0m
  ↳ db/seeds.rb:12
  [1m[36mLesson Destroy (0.5ms)[0m  [1m[31mDELETE FROM "lessons" WHERE "lessons"."id" = ?[0m  [["id", 12]]
  ↳ db/seeds.rb:12
  [1m[35m (6.6ms)[0m  [1m[36mcommit transaction[0m
  ↳ db/seeds.rb:12
  [1m[35m (0.1ms)[0m  [1m[36mbegin transaction[0m
  ↳ db/seeds.rb:12
  [1m[36mLesson Destroy (0.5ms)[0m  [1m[31mDELETE FROM "lessons" WHERE "lessons"."id" = ?[0m  [["id", 13]]
  ↳ db/seeds.rb:12
  [1m[35m (8.7ms)[0m  [1m[36mcommit transaction[0m
  ↳ db/seeds.rb:12
  [1m[35m (0.1ms)[0m  [1m[36mbegin transaction[0m
  ↳ db/seeds.rb:12
  [1m[36mLesson Destroy (0.3ms)[0m  [1m[31mDELETE FROM "lessons" WHERE "lessons"."id" = ?[0m  [["id", 14]]
  ↳ db/seeds.rb:12
  [1m[35m (8.2ms)[0m  [1m[36mcommit transaction[0m
  ↳ db/seeds.rb:12
  [1m[35m (0.1ms)[0m  [1m[36mbegin transaction[0m
  ↳ db/seeds.rb:12
  [1m[36mLesson Destroy (0.7ms)[0m  [1m[31mDELETE FROM "lessons" WHERE "lessons"."id" = ?[0m  [["id", 15]]
  ↳ db/seeds.rb:12
  [1m[35m (5.9ms)[0m  [1m[36mcommit transaction[0m
  ↳ db/seeds.rb:12
  [1m[35m (0.1ms)[0m  [1m[36mbegin transaction[0m
  ↳ db/seeds.rb:12
  [1m[36mLesson Destroy (0.4ms)[0m  [1m[31mDELETE FROM "lessons" WHERE "lessons"."id" = ?[0m  [["id", 16]]
  ↳ db/seeds.rb:12
  [1m[35m (4.2ms)[0m  [1m[36mcommit transaction[0m
  ↳ db/seeds.rb:12
  [1m[35m (0.1ms)[0m  [1m[36mbegin transaction[0m
  ↳ db/seeds.rb:12
  [1m[36mLesson Destroy (0.2ms)[0m  [1m[31mDELETE FROM "lessons" WHERE "lessons"."id" = ?[0m  [["id", 17]]
  ↳ db/seeds.rb:12
  [1m[35m (8.2ms)[0m  [1m[36mcommit transaction[0m
  ↳ db/seeds.rb:12
  [1m[35m (0.1ms)[0m  [1m[36mbegin transaction[0m
  ↳ db/seeds.rb:12
  [1m[36mLesson Destroy (0.2ms)[0m  [1m[31mDELETE FROM "lessons" WHERE "lessons"."id" = ?[0m  [["id", 18]]
  ↳ db/seeds.rb:12
  [1m[35m (8.5ms)[0m  [1m[36mcommit transaction[0m
  ↳ db/seeds.rb:12
  [1m[35m (0.2ms)[0m  [1m[36mbegin transaction[0m
  ↳ db/seeds.rb:12
  [1m[36mLesson Destroy (0.5ms)[0m  [1m[31mDELETE FROM "lessons" WHERE "lessons"."id" = ?[0m  [["id", 19]]
  ↳ db/seeds.rb:12
  [1m[35m (7.0ms)[0m  [1m[36mcommit transaction[0m
  ↳ db/seeds.rb:12
  [1m[35m (0.2ms)[0m  [1m[36mbegin transaction[0m
  ↳ db/seeds.rb:12
  [1m[36mLesson Destroy (0.5ms)[0m  [1m[31mDELETE FROM "lessons" WHERE "lessons"."id" = ?[0m  [["id", 20]]
  ↳ db/seeds.rb:12
  [1m[35m (4.9ms)[0m  [1m[36mcommit transaction[0m
  ↳ db/seeds.rb:12
  [1m[35m (0.1ms)[0m  [1m[36mbegin transaction[0m
  ↳ db/seeds.rb:15
  [1m[36mCourse Create (0.2ms)[0m  [1m[32mINSERT INTO "courses" ("title", "content", "created_at", "updated_at") VALUES (?, ?, ?, ?)[0m  [["title", "Associate Degree in Medicine"], ["content", "CBDa"], ["created_at", "2019-01-30 19:09:41.182501"], ["updated_at", "2019-01-30 19:09:41.182501"]]
  ↳ db/seeds.rb:15
  [1m[35m (4.2ms)[0m  [1m[36mcommit transaction[0m
  ↳ db/seeds.rb:15
  [1m[35m (0.1ms)[0m  [1m[36mbegin transaction[0m
  ↳ db/seeds.rb:15
  [1m[36mCourse Create (0.2ms)[0m  [1m[32mINSERT INTO "courses" ("title", "content", "created_at", "updated_at") VALUES (?, ?, ?, ?)[0m  [["title", "Associate Degree in Engineering"], ["content", "THC"], ["created_at", "2019-01-30 19:09:41.200092"], ["updated_at", "2019-01-30 19:09:41.200092"]]
  ↳ db/seeds.rb:15
  [1m[35m (8.7ms)[0m  [1m[36mcommit transaction[0m
  ↳ db/seeds.rb:15
  [1m[35m (0.1ms)[0m  [1m[36mbegin transaction[0m
  ↳ db/seeds.rb:15
  [1m[36mCourse Create (0.6ms)[0m  [1m[32mINSERT INTO "courses" ("title", "content", "created_at", "updated_at") VALUES (?, ?, ?, ?)[0m  [["title", "Master of Design"], ["content", "CBD"], ["created_at", "2019-01-30 19:09:41.214028"], ["updated_at", "2019-01-30 19:09:41.214028"]]
  ↳ db/seeds.rb:15
  [1m[35m (9.0ms)[0m  [1m[36mcommit transaction[0m
  ↳ db/seeds.rb:15
  [1m[35m (0.2ms)[0m  [1m[36mbegin transaction[0m
  ↳ db/seeds.rb:15
  [1m[36mCourse Create (0.5ms)[0m  [1m[32mINSERT INTO "courses" ("title", "content", "created_at", "updated_at") VALUES (?, ?, ?, ?)[0m  [["title", "Bachelor of Medicine"], ["content", "CBDv"], ["created_at", "2019-01-30 19:09:41.228423"], ["updated_at", "2019-01-30 19:09:41.228423"]]
  ↳ db/seeds.rb:15
  [1m[35m (5.3ms)[0m  [1m[36mcommit transaction[0m
  ↳ db/seeds.rb:15
  [1m[35m (0.1ms)[0m  [1m[36mbegin transaction[0m
  ↳ db/seeds.rb:15
  [1m[36mCourse Create (0.2ms)[0m  [1m[32mINSERT INTO "courses" ("title", "content", "created_at", "updated_at") VALUES (?, ?, ?, ?)[0m  [["title", "Bachelor of Criminology"], ["content", "CBNa"], ["created_at", "2019-01-30 19:09:41.239473"], ["updated_at", "2019-01-30 19:09:41.239473"]]
  ↳ db/seeds.rb:15
  [1m[35m (4.5ms)[0m  [1m[36mcommit transaction[0m
  ↳ db/seeds.rb:15
  [1m[35m (0.1ms)[0m  [1m[36mbegin transaction[0m
  ↳ db/seeds.rb:15
  [1m[36mCourse Create (0.3ms)[0m  [1m[32mINSERT INTO "courses" ("title", "content", "created_at", "updated_at") VALUES (?, ?, ?, ?)[0m  [["title", "Master of Biological Science"], ["content", "CBDa"], ["created_at", "2019-01-30 19:09:41.248090"], ["updated_at", "2019-01-30 19:09:41.248090"]]
  ↳ db/seeds.rb:15
  [1m[35m (7.3ms)[0m  [1m[36mcommit transaction[0m
  ↳ db/seeds.rb:15
  [1m[35m (0.1ms)[0m  [1m[36mbegin transaction[0m
  ↳ db/seeds.rb:15
  [1m[36mCourse Create (0.3ms)[0m  [1m[32mINSERT INTO "courses" ("title", "content", "created_at", "updated_at") VALUES (?, ?, ?, ?)[0m  [["title", "Bachelor of Commerce"], ["content", "THCa"], ["created_at", "2019-01-30 19:09:41.258080"], ["updated_at", "2019-01-30 19:09:41.258080"]]
  ↳ db/seeds.rb:15
  [1m[35m (8.3ms)[0m  [1m[36mcommit transaction[0m
  ↳ db/seeds.rb:15
  [1m[35m (0.1ms)[0m  [1m[36mbegin transaction[0m
  ↳ db/seeds.rb:15
  [1m[36mCourse Create (0.2ms)[0m  [1m[32mINSERT INTO "courses" ("title", "content", "created_at", "updated_at") VALUES (?, ?, ?, ?)[0m  [["title", "Associate Degree in Arts"], ["content", "CBD"], ["created_at", "2019-01-30 19:09:41.269104"], ["updated_at", "2019-01-30 19:09:41.269104"]]
  ↳ db/seeds.rb:15
  [1m[35m (7.2ms)[0m  [1m[36mcommit transaction[0m
  ↳ db/seeds.rb:15
  [1m[35m (0.1ms)[0m  [1m[36mbegin transaction[0m
  ↳ db/seeds.rb:15
  [1m[36mCourse Create (0.2ms)[0m  [1m[32mINSERT INTO "courses" ("title", "content", "created_at", "updated_at") VALUES (?, ?, ?, ?)[0m  [["title", "Master of Computer Science"], ["content", "∆8THC"], ["created_at", "2019-01-30 19:09:41.278606"], ["updated_at", "2019-01-30 19:09:41.278606"]]
  ↳ db/seeds.rb:15
  [1m[35m (4.0ms)[0m  [1m[36mcommit transaction[0m
  ↳ db/seeds.rb:15
  [1m[35m (0.1ms)[0m  [1m[36mbegin transaction[0m
  ↳ db/seeds.rb:15
  [1m[36mCourse Create (0.2ms)[0m  [1m[32mINSERT INTO "courses" ("title", "content", "created_at", "updated_at") VALUES (?, ?, ?, ?)[0m  [["title", "Master of Applied Science (Psychology)"], ["content", "THCv"], ["created_at", "2019-01-30 19:09:41.285063"], ["updated_at", "2019-01-30 19:09:41.285063"]]
  ↳ db/seeds.rb:15
  [1m[35m (4.1ms)[0m  [1m[36mcommit transaction[0m
  ↳ db/seeds.rb:15
  [1m[36mCourse Load (0.1ms)[0m  [1m[34mSELECT "courses".* FROM "courses"[0m
  ↳ db/seeds.rb:19
  [1m[35m (0.0ms)[0m  [1m[36mbegin transaction[0m
  ↳ db/seeds.rb:19
  [1m[36mLesson Create (0.2ms)[0m  [1m[32mINSERT INTO "lessons" ("title", "content", "created_at", "updated_at", "course_id") VALUES (?, ?, ?, ?, ?)[0m  [["title", "Stone Imperial Russian Stout"], ["content", "All my possessions for a moment of time."], ["created_at", "2019-01-30 19:09:41.294366"], ["updated_at", "2019-01-30 19:09:41.294366"], ["course_id", 33]]
  ↳ db/seeds.rb:19
  [1m[35m (8.6ms)[0m  [1m[36mcommit transaction[0m
  ↳ db/seeds.rb:19
  [1m[36mCourse Load (0.3ms)[0m  [1m[34mSELECT "courses".* FROM "courses"[0m
  ↳ db/seeds.rb:19
  [1m[35m (0.1ms)[0m  [1m[36mbegin transaction[0m
  ↳ db/seeds.rb:19
  [1m[36mLesson Create (0.7ms)[0m  [1m[32mINSERT INTO "lessons" ("title", "content", "created_at", "updated_at", "course_id") VALUES (?, ?, ?, ?, ?)[0m  [["title", "Trappistes Rochefort 8"], ["content", "I wish I could go with you."], ["created_at", "2019-01-30 19:09:41.310495"], ["updated_at", "2019-01-30 19:09:41.310495"], ["course_id", 40]]
  ↳ db/seeds.rb:19
  [1m[35m (9.3ms)[0m  [1m[36mcommit transaction[0m
  ↳ db/seeds.rb:19
  [1m[36mCourse Load (0.4ms)[0m  [1m[34mSELECT "courses".* FROM "courses"[0m
  ↳ db/seeds.rb:19
  [1m[35m (0.1ms)[0m  [1m[36mbegin transaction[0m
  ↳ db/seeds.rb:19
  [1m[36mLesson Create (0.6ms)[0m  [1m[32mINSERT INTO "lessons" ("title", "content", "created_at", "updated_at", "course_id") VALUES (?, ?, ?, ?, ?)[0m  [["title", "Maudite"], ["content", "I forgot something."], ["created_at", "2019-01-30 19:09:41.329342"], ["updated_at", "2019-01-30 19:09:41.329342"], ["course_id", 39]]
  ↳ db/seeds.rb:19
  [1m[35m (6.2ms)[0m  [1m[36mcommit transaction[0m
  ↳ db/seeds.rb:19
  [1m[36mCourse Load (0.4ms)[0m  [1m[34mSELECT "courses".* FROM "courses"[0m
  ↳ db/seeds.rb:19
  [1m[35m (0.1ms)[0m  [1m[36mbegin transaction[0m
  ↳ db/seeds.rb:19
  [1m[36mLesson Create (0.7ms)[0m  [1m[32mINSERT INTO "lessons" ("title", "content", "created_at", "updated_at", "course_id") VALUES (?, ?, ?, ?, ?)[0m  [["title", "Ruination IPA"], ["content", "I want to go home."], ["created_at", "2019-01-30 19:09:41.344863"], ["updated_at", "2019-01-30 19:09:41.344863"], ["course_id", 39]]
  ↳ db/seeds.rb:19
  [1m[35m (4.8ms)[0m  [1m[36mcommit transaction[0m
  ↳ db/seeds.rb:19
  [1m[36mCourse Load (0.3ms)[0m  [1m[34mSELECT "courses".* FROM "courses"[0m
  ↳ db/seeds.rb:19
  [1m[35m (0.1ms)[0m  [1m[36mbegin transaction[0m
  ↳ db/seeds.rb:19
  [1m[36mLesson Create (0.6ms)[0m  [1m[32mINSERT INTO "lessons" ("title", "content", "created_at", "updated_at", "course_id") VALUES (?, ?, ?, ?, ?)[0m  [["title", "Racer 5 India Pale Ale, Bear Republic Bre"], ["content", "Goodnight, my darlings, I'll see you tomorrow."], ["created_at", "2019-01-30 19:09:41.358357"], ["updated_at", "2019-01-30 19:09:41.358357"], ["course_id", 34]]
  ↳ db/seeds.rb:19
  [1m[35m (8.1ms)[0m  [1m[36mcommit transaction[0m
  ↳ db/seeds.rb:19
  [1m[36mCourse Load (0.4ms)[0m  [1m[34mSELECT "courses".* FROM "courses"[0m
  ↳ db/seeds.rb:19
  [1m[35m (0.1ms)[0m  [1m[36mbegin transaction[0m
  ↳ db/seeds.rb:19
  [1m[36mLesson Create (0.7ms)[0m  [1m[32mINSERT INTO "lessons" ("title", "content", "created_at", "updated_at", "course_id") VALUES (?, ?, ?, ?, ?)[0m  [["title", "Pliny The Elder"], ["content", "My vocabulary did this to me. Your love will let you go on…"], ["created_at", "2019-01-30 19:09:41.375260"], ["updated_at", "2019-01-30 19:09:41.375260"], ["course_id", 32]]
  ↳ db/seeds.rb:19
  [1m[35m (9.3ms)[0m  [1m[36mcommit transaction[0m
  ↳ db/seeds.rb:19
  [1m[36mCourse Load (0.5ms)[0m  [1m[34mSELECT "courses".* FROM "courses"[0m
  ↳ db/seeds.rb:19
  [1m[35m (0.1ms)[0m  [1m[36mbegin transaction[0m
  ↳ db/seeds.rb:19
  [1m[36mLesson Create (0.5ms)[0m  [1m[32mINSERT INTO "lessons" ("title", "content", "created_at", "updated_at", "course_id") VALUES (?, ?, ?, ?, ?)[0m  [["title", "Ten FIDY"], ["content", "I want your bunk!"], ["created_at", "2019-01-30 19:09:41.396267"], ["updated_at", "2019-01-30 19:09:41.396267"], ["course_id", 31]]
  ↳ db/seeds.rb:19
  [1m[35m (6.4ms)[0m  [1m[36mcommit transaction[0m
  ↳ db/seeds.rb:19
  [1m[36mCourse Load (0.1ms)[0m  [1m[34mSELECT "courses".* FROM "courses"[0m
  ↳ db/seeds.rb:19
  [1m[35m (0.1ms)[0m  [1m[36mbegin transaction[0m
  ↳ db/seeds.rb:19
  [1m[36mLesson Create (0.5ms)[0m  [1m[32mINSERT INTO "lessons" ("title", "content", "created_at", "updated_at", "course_id") VALUES (?, ?, ?, ?, ?)[0m  [["title", "Founders Breakfast Stout"], ["content", "Do you want me to come with you?"], ["created_at", "2019-01-30 19:09:41.409268"], ["updated_at", "2019-01-30 19:09:41.409268"], ["course_id", 40]]
  ↳ db/seeds.rb:19
  [1m[35m (4.8ms)[0m  [1m[36mcommit transaction[0m
  ↳ db/seeds.rb:19
  [1m[36mCourse Load (0.3ms)[0m  [1m[34mSELECT "courses".* FROM "courses"[0m
  ↳ db/seeds.rb:19
  [1m[35m (0.1ms)[0m  [1m[36mbegin transaction[0m
  ↳ db/seeds.rb:19
  [1m[36mLesson Create (0.2ms)[0m  [1m[32mINSERT INTO "lessons" ("title", "content", "created_at", "updated_at", "course_id") VALUES (?, ?, ?, ?, ?)[0m  [["title", "90 Minute IPA"], ["content", "Tape Seinfeld for me."], ["created_at", "2019-01-30 19:09:41.417679"], ["updated_at", "2019-01-30 19:09:41.417679"], ["course_id", 34]]
  ↳ db/seeds.rb:19
  [1m[35m (4.8ms)[0m  [1m[36mcommit transaction[0m
  ↳ db/seeds.rb:19
  [1m[36mCourse Load (0.1ms)[0m  [1m[34mSELECT "courses".* FROM "courses"[0m
  ↳ db/seeds.rb:19
  [1m[35m (0.1ms)[0m  [1m[36mbegin transaction[0m
  ↳ db/seeds.rb:19
  [1m[36mLesson Create (0.7ms)[0m  [1m[32mINSERT INTO "lessons" ("title", "content", "created_at", "updated_at", "course_id") VALUES (?, ?, ?, ?, ?)[0m  [["title", "Westmalle Trappist Tripel"], ["content", "No comment."], ["created_at", "2019-01-30 19:09:41.425885"], ["updated_at", "2019-01-30 19:09:41.425885"], ["course_id", 32]]
  ↳ db/seeds.rb:19
  [1m[35m (8.5ms)[0m  [1m[36mcommit transaction[0m
  ↳ db/seeds.rb:19
  [1m[36mCourse Load (0.3ms)[0m  [1m[34mSELECT "courses".* FROM "courses"[0m
